<?xml version="1.0" encoding="UTF-8"?>
<!-- Generated by org.testng.reporters.JUnitReportReporter -->
<testsuite hostname="SARANG" failures="0" tests="1" name="batchExecution.Ajio" time="36.740" errors="0" timestamp="2024-01-11T12:24:52 IST" skipped="0">
  <testcase classname="batchExecution.Ajio" name="AJJioTest" time="36.740"/>
</testsuite> <!-- batchExecution.Ajio -->
