<?xml version="1.0" encoding="UTF-8"?>
<!-- Generated by org.testng.reporters.JUnitReportReporter -->
<testsuite hostname="SARANG" failures="0" tests="5" name="TestngTool.Test1" time="37.734" errors="0" timestamp="2024-01-08T10:37:37 IST" skipped="0">
  <testcase classname="TestngTool.Test1" name="SarangTest" time="2.636"/>
  <testcase classname="TestngTool.Test1" name="SarangTest" time="4.825"/>
  <testcase classname="TestngTool.Test1" name="AhockTest" time="2.881"/>
  <testcase classname="TestngTool.Test1" name="AhockTest" time="4.739"/>
  <testcase classname="TestngTool.Test1" name="AhockTest" time="22.653"/>
</testsuite> <!-- TestngTool.Test1 -->
