<?xml version="1.0" encoding="UTF-8"?>
<!-- Generated by org.testng.reporters.JUnitReportReporter -->
<testsuite hostname="SARANG" failures="0" tests="2" name="listener.TiraTest" time="18.599" errors="0" timestamp="2024-01-20T09:54:35 IST" skipped="0">
  <testcase classname="listener.TiraTest" name="LTest" time="6.798">
    <system-out>
      <![CDATA[LTestTest script Execution is passed]]>
    </system-out>
  </testcase> <!-- LTest -->
  <testcase classname="listener.TiraTest" name="LaunchTest" time="11.801">
    <system-out>
      <![CDATA[LaunchTestTest script Execution is passed]]>
    </system-out>
  </testcase> <!-- LaunchTest -->
  <system-out>
    <![CDATA[Test script Execution started
LTestTest script Execution is passed
LaunchTestTest script Execution is passed]]>
  </system-out>
</testsuite> <!-- listener.TiraTest -->
