<?xml version="1.0" encoding="UTF-8"?>
<!-- Generated by org.testng.reporters.JUnitReportReporter -->
<testsuite hostname="SARANG" failures="0" tests="2" name="execution.ParallelExecution" time="36.291" errors="0" timestamp="2024-01-11T10:14:20 IST" skipped="0">
  <testcase classname="execution.ParallelExecution" name="NykaaTest" time="4.372"/>
  <testcase classname="execution.ParallelExecution" name="TiraTest" time="31.919"/>
</testsuite> <!-- execution.ParallelExecution -->
