<?xml version="1.0" encoding="UTF-8"?>
<!-- Generated by org.testng.reporters.JUnitReportReporter -->
<testsuite hostname="SARANG" failures="0" tests="2" name="execution.CrossBrowser" time="6.979" errors="0" timestamp="2024-01-11T10:55:22 IST" skipped="0">
  <testcase classname="execution.CrossBrowser" name="MyntraTest" time="3.988"/>
  <testcase classname="execution.CrossBrowser" name="MyntraTest" time="2.991"/>
</testsuite> <!-- execution.CrossBrowser -->
