<?xml version="1.0" encoding="UTF-8"?>
<!-- Generated by org.testng.reporters.JUnitReportReporter -->
<testsuite hostname="SARANG" failures="0" tests="2" name="execution.Parallel1" time="38.602" errors="0" timestamp="2024-01-11T10:14:20 IST" skipped="0">
  <testcase classname="execution.Parallel1" name="NykaaTest" time="4.372"/>
  <testcase classname="execution.Parallel1" name="SwiggyTest" time="34.230"/>
</testsuite> <!-- execution.Parallel1 -->
